  [1m[35m (5.6ms)[0m  [1m[34mSELECT sqlite_version(*)[0m
  [1m[35m (137.2ms)[0m  [1m[35mCREATE TABLE "schema_migrations" ("version" varchar NOT NULL PRIMARY KEY)[0m
  [1m[35m (111.6ms)[0m  [1m[35mCREATE TABLE "ar_internal_metadata" ("key" varchar NOT NULL PRIMARY KEY, "value" varchar, "created_at" datetime(6) NOT NULL, "updated_at" datetime(6) NOT NULL)[0m
  [1m[35m (0.3ms)[0m  [1m[34mSELECT "schema_migrations"."version" FROM "schema_migrations" ORDER BY "schema_migrations"."version" ASC[0m
Migrating to CreateCourses (20200804031040)
  [1m[35m (0.3ms)[0m  [1m[34mSELECT sqlite_version(*)[0m
  [1m[36mCourse Load (0.4ms)[0m  [1m[34mSELECT "courses".* FROM "courses" LIMIT ?[0m  [["LIMIT", 11]]
Started GET "/" for ::1 at 2020-08-04 08:58:35 +0530
  [1m[35m (0.9ms)[0m  [1m[34mSELECT sqlite_version(*)[0m
  [1m[35m (0.1ms)[0m  [1m[34mSELECT "schema_migrations"."version" FROM "schema_migrations" ORDER BY "schema_migrations"."version" ASC[0m
  
ActiveRecord::PendingMigrationError (

Migrations are pending. To resolve this issue, run:

        rails db:migrate RAILS_ENV=development

):
  
activerecord (6.0.3.2) lib/active_record/migration.rb:586:in `check_pending!'
activerecord (6.0.3.2) lib/active_record/migration.rb:564:in `call'
actionpack (6.0.3.2) lib/action_dispatch/middleware/callbacks.rb:27:in `block in call'
activesupport (6.0.3.2) lib/active_support/callbacks.rb:101:in `run_callbacks'
actionpack (6.0.3.2) lib/action_dispatch/middleware/callbacks.rb:26:in `call'
actionpack (6.0.3.2) lib/action_dispatch/middleware/executor.rb:14:in `call'
actionpack (6.0.3.2) lib/action_dispatch/middleware/actionable_exceptions.rb:17:in `call'
actionpack (6.0.3.2) lib/action_dispatch/middleware/debug_exceptions.rb:32:in `call'
web-console (4.0.4) lib/web_console/middleware.rb:132:in `call_app'
web-console (4.0.4) lib/web_console/middleware.rb:28:in `block in call'
web-console (4.0.4) lib/web_console/middleware.rb:17:in `catch'
web-console (4.0.4) lib/web_console/middleware.rb:17:in `call'
actionpack (6.0.3.2) lib/action_dispatch/middleware/show_exceptions.rb:33:in `call'
railties (6.0.3.2) lib/rails/rack/logger.rb:37:in `call_app'
railties (6.0.3.2) lib/rails/rack/logger.rb:26:in `block in call'
activesupport (6.0.3.2) lib/active_support/tagged_logging.rb:80:in `block in tagged'
activesupport (6.0.3.2) lib/active_support/tagged_logging.rb:28:in `tagged'
activesupport (6.0.3.2) lib/active_support/tagged_logging.rb:80:in `tagged'
railties (6.0.3.2) lib/rails/rack/logger.rb:26:in `call'
sprockets-rails (3.2.1) lib/sprockets/rails/quiet_assets.rb:13:in `call'
actionpack (6.0.3.2) lib/action_dispatch/middleware/remote_ip.rb:81:in `call'
actionpack (6.0.3.2) lib/action_dispatch/middleware/request_id.rb:27:in `call'
rack (2.2.3) lib/rack/method_override.rb:24:in `call'
rack (2.2.3) lib/rack/runtime.rb:22:in `call'
activesupport (6.0.3.2) lib/active_support/cache/strategy/local_cache_middleware.rb:29:in `call'
actionpack (6.0.3.2) lib/action_dispatch/middleware/executor.rb:14:in `call'
actionpack (6.0.3.2) lib/action_dispatch/middleware/static.rb:126:in `call'
rack (2.2.3) lib/rack/sendfile.rb:110:in `call'
actionpack (6.0.3.2) lib/action_dispatch/middleware/host_authorization.rb:82:in `call'
webpacker (4.2.2) lib/webpacker/dev_server_proxy.rb:23:in `perform_request'
rack-proxy (0.6.5) lib/rack/proxy.rb:57:in `call'
railties (6.0.3.2) lib/rails/engine.rb:527:in `call'
puma (4.3.5) lib/puma/configuration.rb:228:in `call'
puma (4.3.5) lib/puma/server.rb:713:in `handle_request'
puma (4.3.5) lib/puma/server.rb:472:in `process_client'
puma (4.3.5) lib/puma/server.rb:328:in `block in run'
puma (4.3.5) lib/puma/thread_pool.rb:134:in `block in spawn_thread'
Started GET "/" for ::1 at 2020-08-04 08:59:45 +0530
  [1m[35m (0.1ms)[0m  [1m[34mSELECT sqlite_version(*)[0m
Processing by Rails::WelcomeController#index as HTML
  Rendering /home/athira/.rbenv/versions/2.6.3/lib/ruby/gems/2.6.0/gems/railties-6.0.3.2/lib/rails/templates/rails/welcome/index.html.erb
  Rendered /home/athira/.rbenv/versions/2.6.3/lib/ruby/gems/2.6.0/gems/railties-6.0.3.2/lib/rails/templates/rails/welcome/index.html.erb (Duration: 21.2ms | Allocations: 202)
Completed 200 OK in 40ms (Views: 22.4ms | ActiveRecord: 0.0ms | Allocations: 1355)


Started GET "/" for ::1 at 2020-08-04 09:43:06 +0530
  [1m[35m (0.2ms)[0m  [1m[34mSELECT sqlite_version(*)[0m
Processing by CoursesController#index as HTML
  Rendering courses/index.html.erb within layouts/application
  Rendered courses/index.html.erb within layouts/application (Duration: 0.7ms | Allocations: 323)
DEPRECATION WARNING: autoprefixer-rails was deprected. Migration guide:
https://github.com/ai/autoprefixer-rails/wiki/Deprecated (called from _app_views_layouts_application_html_erb__1383914034718293199_69995488691380 at /home/athira/Projects/academics/app/views/layouts/application.html.erb:8)
[Webpacker] Compiling...
[Webpacker] Compiled all packs in /home/athira/Projects/academics/public/packs
[Webpacker] Hash: 15d1bb7b54cf6326b9ba
Version: webpack 4.44.1
Time: 5716ms
Built at: 2020-08-04 09:43:23
                                     Asset       Size       Chunks                         Chunk Names
    js/application-9afcbb5693aa87623e69.js    124 KiB  application  [emitted] [immutable]  application
js/application-9afcbb5693aa87623e69.js.map    139 KiB  application  [emitted] [dev]        application
                             manifest.json  364 bytes               [emitted]              
Entrypoint application = js/application-9afcbb5693aa87623e69.js js/application-9afcbb5693aa87623e69.js.map
[./app/javascript/channels sync recursive _channel\.js$] ./app/javascript/channels sync _channel\.js$ 160 bytes {application} [built]
[./app/javascript/channels/index.js] 211 bytes {application} [built]
[./app/javascript/packs/application.js] 749 bytes {application} [built]
[./node_modules/webpack/buildin/module.js] (webpack)/buildin/module.js 552 bytes {application} [built]
    + 3 hidden modules

Completed 200 OK in 17108ms (Views: 17106.6ms | ActiveRecord: 0.0ms | Allocations: 16204)


Started GET "/" for ::1 at 2020-08-04 09:43:40 +0530
Processing by CoursesController#index as HTML
  Rendering courses/index.html.erb within layouts/application
  Rendered courses/index.html.erb within layouts/application (Duration: 0.1ms | Allocations: 5)
[Webpacker] Everything's up-to-date. Nothing to do
Completed 200 OK in 20ms (Views: 6.3ms | ActiveRecord: 0.0ms | Allocations: 3319)


Started GET "/" for ::1 at 2020-08-04 09:43:43 +0530
Processing by CoursesController#index as HTML
  Rendering courses/index.html.erb within layouts/application
  Rendered courses/index.html.erb within layouts/application (Duration: 0.1ms | Allocations: 4)
[Webpacker] Everything's up-to-date. Nothing to do
Completed 200 OK in 9ms (Views: 7.3ms | ActiveRecord: 0.0ms | Allocations: 3300)


Started GET "/" for ::1 at 2020-08-04 09:43:44 +0530
Processing by CoursesController#index as HTML
  Rendering courses/index.html.erb within layouts/application
  Rendered courses/index.html.erb within layouts/application (Duration: 0.1ms | Allocations: 5)
[Webpacker] Everything's up-to-date. Nothing to do
Completed 200 OK in 7ms (Views: 6.3ms | ActiveRecord: 0.0ms | Allocations: 3307)


Started GET "/" for ::1 at 2020-08-04 09:43:44 +0530
Processing by CoursesController#index as HTML
  Rendering courses/index.html.erb within layouts/application
  Rendered courses/index.html.erb within layouts/application (Duration: 0.1ms | Allocations: 4)
[Webpacker] Everything's up-to-date. Nothing to do
Completed 200 OK in 8ms (Views: 6.9ms | ActiveRecord: 0.0ms | Allocations: 3306)


Started GET "/" for ::1 at 2020-08-04 09:43:45 +0530
Processing by CoursesController#index as HTML
  Rendering courses/index.html.erb within layouts/application
  Rendered courses/index.html.erb within layouts/application (Duration: 0.0ms | Allocations: 4)
[Webpacker] Everything's up-to-date. Nothing to do
Completed 200 OK in 7ms (Views: 5.9ms | ActiveRecord: 0.0ms | Allocations: 3306)


Started GET "/" for ::1 at 2020-08-04 09:43:46 +0530
Processing by CoursesController#index as HTML
  Rendering courses/index.html.erb within layouts/application
  Rendered courses/index.html.erb within layouts/application (Duration: 0.0ms | Allocations: 4)
[Webpacker] Everything's up-to-date. Nothing to do
Completed 200 OK in 6ms (Views: 5.2ms | ActiveRecord: 0.0ms | Allocations: 3298)


Started GET "/" for ::1 at 2020-08-04 09:43:47 +0530
Processing by CoursesController#index as HTML
  Rendering courses/index.html.erb within layouts/application
  Rendered courses/index.html.erb within layouts/application (Duration: 0.1ms | Allocations: 4)
[Webpacker] Everything's up-to-date. Nothing to do
Completed 200 OK in 15ms (Views: 13.4ms | ActiveRecord: 0.0ms | Allocations: 3304)


Started GET "/" for ::1 at 2020-08-04 09:43:48 +0530
Processing by CoursesController#index as HTML
  Rendering courses/index.html.erb within layouts/application
  Rendered courses/index.html.erb within layouts/application (Duration: 0.1ms | Allocations: 4)
[Webpacker] Everything's up-to-date. Nothing to do
Completed 200 OK in 12ms (Views: 10.8ms | ActiveRecord: 0.0ms | Allocations: 3304)


Started GET "/" for ::1 at 2020-08-04 09:43:49 +0530
Processing by CoursesController#index as HTML
  Rendering courses/index.html.erb within layouts/application
  Rendered courses/index.html.erb within layouts/application (Duration: 0.1ms | Allocations: 4)
[Webpacker] Everything's up-to-date. Nothing to do
Completed 200 OK in 13ms (Views: 11.8ms | ActiveRecord: 0.0ms | Allocations: 3297)


Started GET "/" for ::1 at 2020-08-04 09:43:50 +0530
Processing by CoursesController#index as HTML
  Rendering courses/index.html.erb within layouts/application
  Rendered courses/index.html.erb within layouts/application (Duration: 0.1ms | Allocations: 4)
[Webpacker] Everything's up-to-date. Nothing to do
Completed 200 OK in 15ms (Views: 13.8ms | ActiveRecord: 0.0ms | Allocations: 3302)


Started GET "/" for ::1 at 2020-08-04 09:44:59 +0530
Processing by CoursesController#index as HTML
  Rendering courses/index.html.erb within layouts/application
  Rendered courses/index.html.erb within layouts/application (Duration: 1.4ms | Allocations: 324)
[Webpacker] Everything's up-to-date. Nothing to do
Completed 200 OK in 17ms (Views: 15.6ms | ActiveRecord: 0.0ms | Allocations: 4558)


Started GET "/" for ::1 at 2020-08-04 09:46:12 +0530
Processing by CoursesController#index as HTML
  Rendering courses/index.html.erb within layouts/application
  Rendered courses/index.html.erb within layouts/application (Duration: 1.5ms | Allocations: 320)
[Webpacker] Everything's up-to-date. Nothing to do
Completed 200 OK in 17ms (Views: 15.1ms | ActiveRecord: 0.0ms | Allocations: 4549)


Started GET "/" for ::1 at 2020-08-04 09:47:06 +0530
Processing by CoursesController#index as HTML
  Rendering courses/index.html.erb within layouts/application
  Rendered courses/index.html.erb within layouts/application (Duration: 0.0ms | Allocations: 4)
[Webpacker] Everything's up-to-date. Nothing to do
Completed 200 OK in 10ms (Views: 9.1ms | ActiveRecord: 0.0ms | Allocations: 3303)


Started GET "/" for ::1 at 2020-08-04 09:47:13 +0530
Processing by CoursesController#index as HTML
  Rendering courses/index.html.erb within layouts/application
  Rendered courses/index.html.erb within layouts/application (Duration: 0.1ms | Allocations: 4)
[Webpacker] Everything's up-to-date. Nothing to do
Completed 200 OK in 33ms (Views: 31.4ms | ActiveRecord: 0.0ms | Allocations: 3303)


Started GET "/" for ::1 at 2020-08-04 09:57:43 +0530
  [1m[35m (0.2ms)[0m  [1m[34mSELECT sqlite_version(*)[0m
Processing by CoursesController#index as HTML
  Rendering courses/index.html.erb within layouts/application
  Rendered courses/index.html.erb within layouts/application (Duration: 0.8ms | Allocations: 324)
[Webpacker] Everything's up-to-date. Nothing to do
Completed 200 OK in 285ms (Views: 282.7ms | ActiveRecord: 0.0ms | Allocations: 4561)


Started GET "/" for ::1 at 2020-08-04 10:33:15 +0530
  [1m[35m (14.0ms)[0m  [1m[34mSELECT sqlite_version(*)[0m
Processing by CoursesController#index as HTML
  Rendering courses/index.html.erb within layouts/application
  Rendered courses/index.html.erb within layouts/application (Duration: 1.9ms | Allocations: 416)
[Webpacker] Everything's up-to-date. Nothing to do
Completed 200 OK in 357ms (Views: 326.1ms | ActiveRecord: 0.0ms | Allocations: 6973)


Started GET "/" for ::1 at 2020-08-04 10:33:25 +0530
Processing by CoursesController#index as HTML
  Rendering courses/index.html.erb within layouts/application
  Rendered courses/index.html.erb within layouts/application (Duration: 0.1ms | Allocations: 5)
[Webpacker] Everything's up-to-date. Nothing to do
Completed 200 OK in 10ms (Views: 8.7ms | ActiveRecord: 0.0ms | Allocations: 3312)


Started GET "/" for ::1 at 2020-08-04 10:34:20 +0530
Processing by CoursesController#index as HTML
  Rendering courses/index.html.erb within layouts/application
  Rendered courses/index.html.erb within layouts/application (Duration: 0.5ms | Allocations: 264)
[Webpacker] Everything's up-to-date. Nothing to do
Completed 200 OK in 28ms (Views: 26.9ms | ActiveRecord: 0.0ms | Allocations: 4503)


Started GET "/" for ::1 at 2020-08-04 10:34:27 +0530
Processing by CoursesController#index as HTML
  Rendering courses/index.html.erb within layouts/application
  Rendered courses/index.html.erb within layouts/application (Duration: 0.1ms | Allocations: 5)
[Webpacker] Everything's up-to-date. Nothing to do
Completed 200 OK in 7ms (Views: 5.5ms | ActiveRecord: 0.0ms | Allocations: 3311)


Started GET "/" for ::1 at 2020-08-04 10:46:58 +0530
  [1m[35m (0.1ms)[0m  [1m[34mSELECT sqlite_version(*)[0m
Processing by CoursesController#index as HTML
  Rendering courses/index.html.erb within layouts/application
  Rendered courses/index.html.erb within layouts/application (Duration: 0.9ms | Allocations: 268)
[Webpacker] Everything's up-to-date. Nothing to do
Completed 200 OK in 861ms (Views: 639.3ms | ActiveRecord: 0.0ms | Allocations: 4507)


Started GET "/" for ::1 at 2020-08-04 10:48:30 +0530
Processing by CoursesController#index as HTML
  Rendering courses/index.html.erb within layouts/application
  Rendered courses/index.html.erb within layouts/application (Duration: 1.0ms | Allocations: 265)
[Webpacker] Everything's up-to-date. Nothing to do
Completed 200 OK in 12ms (Views: 10.5ms | ActiveRecord: 0.0ms | Allocations: 4498)


Started GET "/" for ::1 at 2020-08-04 10:48:34 +0530
Processing by CoursesController#index as HTML
  Rendering courses/index.html.erb within layouts/application
  Rendered courses/index.html.erb within layouts/application (Duration: 0.1ms | Allocations: 4)
[Webpacker] Everything's up-to-date. Nothing to do
Completed 200 OK in 8ms (Views: 7.0ms | ActiveRecord: 0.0ms | Allocations: 3301)


Started GET "/" for ::1 at 2020-08-04 10:49:36 +0530
Processing by CoursesController#index as HTML
  Rendering courses/index.html.erb within layouts/application
  Rendered courses/index.html.erb within layouts/application (Duration: 0.4ms | Allocations: 263)
[Webpacker] Everything's up-to-date. Nothing to do
Completed 200 OK in 9ms (Views: 8.3ms | ActiveRecord: 0.0ms | Allocations: 4497)


  [1m[35m (1.4ms)[0m  [1m[34mSELECT sqlite_version(*)[0m
  [1m[35m (0.2ms)[0m  [1m[34mSELECT "schema_migrations"."version" FROM "schema_migrations" ORDER BY "schema_migrations"."version" ASC[0m
Migrating to CreateCourses (20200804054828)
  [1m[35m (0.1ms)[0m  [1m[36mbegin transaction[0m
  [1m[35m (0.8ms)[0m  [1m[35mCREATE TABLE "courses" ("id" integer PRIMARY KEY AUTOINCREMENT NOT NULL)[0m
  [1m[36mprimary::SchemaMigration Create (0.3ms)[0m  [1m[32mINSERT INTO "schema_migrations" ("version") VALUES (?)[0m  [["version", "20200804054828"]]
  [1m[35m (368.7ms)[0m  [1m[36mcommit transaction[0m
  [1m[36mActiveRecord::InternalMetadata Load (0.3ms)[0m  [1m[34mSELECT "ar_internal_metadata".* FROM "ar_internal_metadata" WHERE "ar_internal_metadata"."key" = ? LIMIT ?[0m  [["key", "environment"], ["LIMIT", 1]]
  [1m[35m (0.1ms)[0m  [1m[36mbegin transaction[0m
  [1m[36mActiveRecord::InternalMetadata Create (0.4ms)[0m  [1m[32mINSERT INTO "ar_internal_metadata" ("key", "value", "created_at", "updated_at") VALUES (?, ?, ?, ?)[0m  [["key", "environment"], ["value", "development"], ["created_at", "2020-08-04 06:01:57.185933"], ["updated_at", "2020-08-04 06:01:57.185933"]]
  [1m[35m (133.9ms)[0m  [1m[36mcommit transaction[0m
  [1m[35m (0.2ms)[0m  [1m[34mSELECT sqlite_version(*)[0m
  [1m[35m (0.1ms)[0m  [1m[34mSELECT "schema_migrations"."version" FROM "schema_migrations" ORDER BY "schema_migrations"."version" ASC[0m
Started GET "/" for ::1 at 2020-08-04 11:52:11 +0530
  [1m[35m (1.4ms)[0m  [1m[34mSELECT sqlite_version(*)[0m
  [1m[35m (0.2ms)[0m  [1m[34mSELECT "schema_migrations"."version" FROM "schema_migrations" ORDER BY "schema_migrations"."version" ASC[0m
Processing by CoursesController#index as HTML
  Rendering courses/index.html.erb within layouts/application
  Rendered courses/index.html.erb within layouts/application (Duration: 1.7ms | Allocations: 384)
[Webpacker] Everything's up-to-date. Nothing to do
Completed 200 OK in 290ms (Views: 203.7ms | ActiveRecord: 0.0ms | Allocations: 7019)


Started GET "/" for ::1 at 2020-08-04 11:58:03 +0530
Processing by CoursesController#index as HTML
  Rendering courses/index.html.erb within layouts/application
  Rendered courses/index.html.erb within layouts/application (Duration: 0.6ms | Allocations: 265)
[Webpacker] Everything's up-to-date. Nothing to do
Completed 200 OK in 34ms (Views: 32.3ms | ActiveRecord: 0.0ms | Allocations: 4503)


Started GET "/" for ::1 at 2020-08-04 12:02:05 +0530
Processing by CoursesController#index as HTML
  Rendering courses/index.html.erb within layouts/application
  Rendered courses/index.html.erb within layouts/application (Duration: 0.8ms | Allocations: 269)
[Webpacker] Everything's up-to-date. Nothing to do
Completed 200 OK in 15ms (Views: 13.1ms | ActiveRecord: 0.0ms | Allocations: 4513)


Started GET "/" for ::1 at 2020-08-04 12:04:42 +0530
Processing by CoursesController#index as HTML
  Rendering courses/index.html.erb within layouts/application
  Rendered courses/index.html.erb within layouts/application (Duration: 0.5ms | Allocations: 267)
[Webpacker] Everything's up-to-date. Nothing to do
Completed 200 OK in 10ms (Views: 8.8ms | ActiveRecord: 0.0ms | Allocations: 4506)


Started GET "/" for ::1 at 2020-08-04 12:12:31 +0530
  [1m[35m (0.2ms)[0m  [1m[34mSELECT sqlite_version(*)[0m
Processing by CoursesController#index as HTML
  Rendering courses/index.html.erb within layouts/application
  Rendered courses/index.html.erb within layouts/application (Duration: 0.7ms | Allocations: 266)
Completed 500 Internal Server Error in 1027ms (ActiveRecord: 0.0ms | Allocations: 10190)


  
ActionView::Template::Error (The asset "style.css" is not present in the asset pipeline.):
    4:     <title>Academics</title>
    5:     <%= csrf_meta_tags %>
    6:     <%= csp_meta_tag %>
    7:     <%= stylesheet_link_tag 'style.css', media: 'all', 'data-turbolinks-track': 'reload' %>
    8: 
    9:     <%= stylesheet_link_tag 'application', media: 'all', 'data-turbolinks-track': 'reload' %>
   10:     <%= javascript_pack_tag 'application', 'data-turbolinks-track': 'reload' %>
  
app/views/layouts/application.html.erb:7
Started GET "/" for ::1 at 2020-08-04 12:12:50 +0530
Processing by CoursesController#index as HTML
  Rendering courses/index.html.erb within layouts/application
  Rendered courses/index.html.erb within layouts/application (Duration: 0.5ms | Allocations: 266)
DEPRECATION WARNING: autoprefixer-rails was deprected. Migration guide:
https://github.com/ai/autoprefixer-rails/wiki/Deprecated (called from _app_views_layouts_application_html_erb___1892177045970930143_47367210265420 at /home/athira/Projects/academics/app/views/layouts/application.html.erb:7)
DEPRECATION WARNING: autoprefixer-rails was deprected. Migration guide:
https://github.com/ai/autoprefixer-rails/wiki/Deprecated (called from run at /home/athira/.rbenv/versions/2.6.3/lib/ruby/gems/2.6.0/gems/autoprefixer-rails-9.8.6.1/lib/autoprefixer-rails/sprockets.rb:22)
[Webpacker] Everything's up-to-date. Nothing to do
Completed 200 OK in 7234ms (Views: 7233.2ms | ActiveRecord: 0.0ms | Allocations: 20211)


Started GET "/" for ::1 at 2020-08-04 12:14:09 +0530
Processing by CoursesController#index as HTML
  Rendering courses/index.html.erb within layouts/application
  Rendered courses/index.html.erb within layouts/application (Duration: 0.1ms | Allocations: 4)
DEPRECATION WARNING: autoprefixer-rails was deprected. Migration guide:
https://github.com/ai/autoprefixer-rails/wiki/Deprecated (called from _app_views_layouts_application_html_erb___1892177045970930143_47367210265420 at /home/athira/Projects/academics/app/views/layouts/application.html.erb:7)
DEPRECATION WARNING: autoprefixer-rails was deprected. Migration guide:
https://github.com/ai/autoprefixer-rails/wiki/Deprecated (called from _app_views_layouts_application_html_erb___1892177045970930143_47367210265420 at /home/athira/Projects/academics/app/views/layouts/application.html.erb:9)
[Webpacker] Everything's up-to-date. Nothing to do
Completed 200 OK in 2347ms (Views: 2345.9ms | ActiveRecord: 0.0ms | Allocations: 16755)


Started GET "/" for ::1 at 2020-08-04 12:16:41 +0530
Processing by CoursesController#index as HTML
  Rendering courses/index.html.erb within layouts/application
  Rendered courses/index.html.erb within layouts/application (Duration: 0.0ms | Allocations: 4)
[Webpacker] Compiling...
[Webpacker] Compiled all packs in /home/athira/Projects/academics/public/packs
[Webpacker] Hash: 6eeb7c60027216506798
Version: webpack 4.44.1
Time: 6140ms
Built at: 2020-08-04 12:17:02
                                     Asset       Size       Chunks                         Chunk Names
    js/application-df76f6fc790c3b1767ec.js    124 KiB  application  [emitted] [immutable]  application
js/application-df76f6fc790c3b1767ec.js.map    139 KiB  application  [emitted] [dev]        application
         js/custom-c77d04cb9b6434e7e102.js   4.66 KiB       custom  [emitted] [immutable]  custom
     js/custom-c77d04cb9b6434e7e102.js.map   4.72 KiB       custom  [emitted] [dev]        custom
                             manifest.json  668 bytes               [emitted]              
Entrypoint application = js/application-df76f6fc790c3b1767ec.js js/application-df76f6fc790c3b1767ec.js.map
Entrypoint custom = js/custom-c77d04cb9b6434e7e102.js js/custom-c77d04cb9b6434e7e102.js.map
[./app/javascript/channels sync recursive _channel\.js$] ./app/javascript/channels sync _channel\.js$ 160 bytes {application} [built]
[./app/javascript/channels/index.js] 211 bytes {application} [built]
[./app/javascript/packs/application.js] 768 bytes {application} [built]
[./app/javascript/packs/custom.js] 809 bytes {custom} [built]
[./node_modules/webpack/buildin/module.js] (webpack)/buildin/module.js 552 bytes {application} [built]
    + 3 hidden modules

Completed 200 OK in 21990ms (Views: 21988.8ms | ActiveRecord: 0.0ms | Allocations: 5795)


Started GET "/" for ::1 at 2020-08-04 12:22:31 +0530
  [1m[35m (0.2ms)[0m  [1m[34mSELECT sqlite_version(*)[0m
Processing by CoursesController#index as HTML
  Rendering courses/index.html.erb within layouts/application
  Rendered courses/index.html.erb within layouts/application (Duration: 1.0ms | Allocations: 271)
[Webpacker] Everything's up-to-date. Nothing to do
Completed 200 OK in 313ms (Views: 312.0ms | ActiveRecord: 0.0ms | Allocations: 5757)


Started GET "/" for ::1 at 2020-08-04 12:23:36 +0530
Processing by CoursesController#index as HTML
  Rendering courses/index.html.erb within layouts/application
  Rendered courses/index.html.erb within layouts/application (Duration: 1.6ms | Allocations: 266)
[Webpacker] Everything's up-to-date. Nothing to do
Completed 200 OK in 25ms (Views: 21.8ms | ActiveRecord: 0.0ms | Allocations: 5746)


Started GET "/" for ::1 at 2020-08-04 12:35:22 +0530
  [1m[35m (0.1ms)[0m  [1m[34mSELECT sqlite_version(*)[0m
Processing by CoursesController#index as HTML
  Rendering courses/index.html.erb within layouts/application
  Rendered courses/index.html.erb within layouts/application (Duration: 1.0ms | Allocations: 269)
[Webpacker] Everything's up-to-date. Nothing to do
Completed 200 OK in 18ms (Views: 16.0ms | ActiveRecord: 0.0ms | Allocations: 5752)


Started GET "/img/logo/logo2.png" for ::1 at 2020-08-04 12:35:22 +0530
  
ActionController::RoutingError (No route matches [GET] "/img/logo/logo2.png"):
  
actionpack (6.0.3.2) lib/action_dispatch/middleware/debug_exceptions.rb:36:in `call'
web-console (4.0.4) lib/web_console/middleware.rb:132:in `call_app'
web-console (4.0.4) lib/web_console/middleware.rb:28:in `block in call'
web-console (4.0.4) lib/web_console/middleware.rb:17:in `catch'
web-console (4.0.4) lib/web_console/middleware.rb:17:in `call'
actionpack (6.0.3.2) lib/action_dispatch/middleware/show_exceptions.rb:33:in `call'
railties (6.0.3.2) lib/rails/rack/logger.rb:37:in `call_app'
railties (6.0.3.2) lib/rails/rack/logger.rb:26:in `block in call'
activesupport (6.0.3.2) lib/active_support/tagged_logging.rb:80:in `block in tagged'
activesupport (6.0.3.2) lib/active_support/tagged_logging.rb:28:in `tagged'
activesupport (6.0.3.2) lib/active_support/tagged_logging.rb:80:in `tagged'
railties (6.0.3.2) lib/rails/rack/logger.rb:26:in `call'
sprockets-rails (3.2.1) lib/sprockets/rails/quiet_assets.rb:13:in `call'
actionpack (6.0.3.2) lib/action_dispatch/middleware/remote_ip.rb:81:in `call'
actionpack (6.0.3.2) lib/action_dispatch/middleware/request_id.rb:27:in `call'
rack (2.2.3) lib/rack/method_override.rb:24:in `call'
rack (2.2.3) lib/rack/runtime.rb:22:in `call'
activesupport (6.0.3.2) lib/active_support/cache/strategy/local_cache_middleware.rb:29:in `call'
actionpack (6.0.3.2) lib/action_dispatch/middleware/executor.rb:14:in `call'
actionpack (6.0.3.2) lib/action_dispatch/middleware/static.rb:126:in `call'
rack (2.2.3) lib/rack/sendfile.rb:110:in `call'
actionpack (6.0.3.2) lib/action_dispatch/middleware/host_authorization.rb:82:in `call'
webpacker (4.2.2) lib/webpacker/dev_server_proxy.rb:23:in `perform_request'
rack-proxy (0.6.5) lib/rack/proxy.rb:57:in `call'
railties (6.0.3.2) lib/rails/engine.rb:527:in `call'
puma (4.3.5) lib/puma/configuration.rb:228:in `call'
puma (4.3.5) lib/puma/server.rb:713:in `handle_request'
puma (4.3.5) lib/puma/server.rb:472:in `process_client'
puma (4.3.5) lib/puma/server.rb:328:in `block in run'
puma (4.3.5) lib/puma/thread_pool.rb:134:in `block in spawn_thread'
Started GET "/" for ::1 at 2020-08-04 12:37:42 +0530
Processing by CoursesController#index as HTML
  Rendering courses/index.html.erb within layouts/application
  Rendered courses/index.html.erb within layouts/application (Duration: 0.1ms | Allocations: 4)
[Webpacker] Everything's up-to-date. Nothing to do
Completed 200 OK in 19ms (Views: 17.4ms | ActiveRecord: 0.0ms | Allocations: 4524)


Started GET "/img/logo/logo2.png" for ::1 at 2020-08-04 12:37:42 +0530
  
ActionController::RoutingError (No route matches [GET] "/img/logo/logo2.png"):
  
actionpack (6.0.3.2) lib/action_dispatch/middleware/debug_exceptions.rb:36:in `call'
web-console (4.0.4) lib/web_console/middleware.rb:132:in `call_app'
web-console (4.0.4) lib/web_console/middleware.rb:28:in `block in call'
web-console (4.0.4) lib/web_console/middleware.rb:17:in `catch'
web-console (4.0.4) lib/web_console/middleware.rb:17:in `call'
actionpack (6.0.3.2) lib/action_dispatch/middleware/show_exceptions.rb:33:in `call'
railties (6.0.3.2) lib/rails/rack/logger.rb:37:in `call_app'
railties (6.0.3.2) lib/rails/rack/logger.rb:26:in `block in call'
activesupport (6.0.3.2) lib/active_support/tagged_logging.rb:80:in `block in tagged'
activesupport (6.0.3.2) lib/active_support/tagged_logging.rb:28:in `tagged'
activesupport (6.0.3.2) lib/active_support/tagged_logging.rb:80:in `tagged'
railties (6.0.3.2) lib/rails/rack/logger.rb:26:in `call'
sprockets-rails (3.2.1) lib/sprockets/rails/quiet_assets.rb:13:in `call'
actionpack (6.0.3.2) lib/action_dispatch/middleware/remote_ip.rb:81:in `call'
actionpack (6.0.3.2) lib/action_dispatch/middleware/request_id.rb:27:in `call'
rack (2.2.3) lib/rack/method_override.rb:24:in `call'
rack (2.2.3) lib/rack/runtime.rb:22:in `call'
activesupport (6.0.3.2) lib/active_support/cache/strategy/local_cache_middleware.rb:29:in `call'
actionpack (6.0.3.2) lib/action_dispatch/middleware/executor.rb:14:in `call'
actionpack (6.0.3.2) lib/action_dispatch/middleware/static.rb:126:in `call'
rack (2.2.3) lib/rack/sendfile.rb:110:in `call'
actionpack (6.0.3.2) lib/action_dispatch/middleware/host_authorization.rb:82:in `call'
webpacker (4.2.2) lib/webpacker/dev_server_proxy.rb:23:in `perform_request'
rack-proxy (0.6.5) lib/rack/proxy.rb:57:in `call'
railties (6.0.3.2) lib/rails/engine.rb:527:in `call'
puma (4.3.5) lib/puma/configuration.rb:228:in `call'
puma (4.3.5) lib/puma/server.rb:713:in `handle_request'
puma (4.3.5) lib/puma/server.rb:472:in `process_client'
puma (4.3.5) lib/puma/server.rb:328:in `block in run'
puma (4.3.5) lib/puma/thread_pool.rb:134:in `block in spawn_thread'
Started GET "/" for ::1 at 2020-08-04 12:38:38 +0530
Processing by CoursesController#index as HTML
  Rendering courses/index.html.erb within layouts/application
  Rendered courses/index.html.erb within layouts/application (Duration: 1.3ms | Allocations: 269)
[Webpacker] Everything's up-to-date. Nothing to do
Completed 200 OK in 15ms (Views: 14.0ms | ActiveRecord: 0.0ms | Allocations: 5756)


Started GET "/img/logo/logo2.png" for ::1 at 2020-08-04 12:38:38 +0530
  
ActionController::RoutingError (No route matches [GET] "/img/logo/logo2.png"):
  
actionpack (6.0.3.2) lib/action_dispatch/middleware/debug_exceptions.rb:36:in `call'
web-console (4.0.4) lib/web_console/middleware.rb:132:in `call_app'
web-console (4.0.4) lib/web_console/middleware.rb:28:in `block in call'
web-console (4.0.4) lib/web_console/middleware.rb:17:in `catch'
web-console (4.0.4) lib/web_console/middleware.rb:17:in `call'
actionpack (6.0.3.2) lib/action_dispatch/middleware/show_exceptions.rb:33:in `call'
railties (6.0.3.2) lib/rails/rack/logger.rb:37:in `call_app'
railties (6.0.3.2) lib/rails/rack/logger.rb:26:in `block in call'
activesupport (6.0.3.2) lib/active_support/tagged_logging.rb:80:in `block in tagged'
activesupport (6.0.3.2) lib/active_support/tagged_logging.rb:28:in `tagged'
activesupport (6.0.3.2) lib/active_support/tagged_logging.rb:80:in `tagged'
railties (6.0.3.2) lib/rails/rack/logger.rb:26:in `call'
sprockets-rails (3.2.1) lib/sprockets/rails/quiet_assets.rb:13:in `call'
actionpack (6.0.3.2) lib/action_dispatch/middleware/remote_ip.rb:81:in `call'
actionpack (6.0.3.2) lib/action_dispatch/middleware/request_id.rb:27:in `call'
rack (2.2.3) lib/rack/method_override.rb:24:in `call'
rack (2.2.3) lib/rack/runtime.rb:22:in `call'
activesupport (6.0.3.2) lib/active_support/cache/strategy/local_cache_middleware.rb:29:in `call'
actionpack (6.0.3.2) lib/action_dispatch/middleware/executor.rb:14:in `call'
actionpack (6.0.3.2) lib/action_dispatch/middleware/static.rb:126:in `call'
rack (2.2.3) lib/rack/sendfile.rb:110:in `call'
actionpack (6.0.3.2) lib/action_dispatch/middleware/host_authorization.rb:82:in `call'
webpacker (4.2.2) lib/webpacker/dev_server_proxy.rb:23:in `perform_request'
rack-proxy (0.6.5) lib/rack/proxy.rb:57:in `call'
railties (6.0.3.2) lib/rails/engine.rb:527:in `call'
puma (4.3.5) lib/puma/configuration.rb:228:in `call'
puma (4.3.5) lib/puma/server.rb:713:in `handle_request'
puma (4.3.5) lib/puma/server.rb:472:in `process_client'
puma (4.3.5) lib/puma/server.rb:328:in `block in run'
puma (4.3.5) lib/puma/thread_pool.rb:134:in `block in spawn_thread'
Started GET "/" for ::1 at 2020-08-04 12:38:58 +0530
Processing by CoursesController#index as HTML
  Rendering courses/index.html.erb within layouts/application
  Rendered courses/index.html.erb within layouts/application (Duration: 0.7ms | Allocations: 254)
[Webpacker] Everything's up-to-date. Nothing to do
Completed 200 OK in 14ms (Views: 13.4ms | ActiveRecord: 0.0ms | Allocations: 5744)


Started GET "/" for ::1 at 2020-08-04 12:39:21 +0530
Processing by CoursesController#index as HTML
  Rendering courses/index.html.erb within layouts/application
  Rendered courses/index.html.erb within layouts/application (Duration: 0.4ms | Allocations: 270)
[Webpacker] Everything's up-to-date. Nothing to do
Completed 200 OK in 15ms (Views: 13.1ms | ActiveRecord: 0.0ms | Allocations: 5750)


Started GET "/img/logo/logo2.png" for ::1 at 2020-08-04 12:39:21 +0530
  
ActionController::RoutingError (No route matches [GET] "/img/logo/logo2.png"):
  
actionpack (6.0.3.2) lib/action_dispatch/middleware/debug_exceptions.rb:36:in `call'
web-console (4.0.4) lib/web_console/middleware.rb:132:in `call_app'
web-console (4.0.4) lib/web_console/middleware.rb:28:in `block in call'
web-console (4.0.4) lib/web_console/middleware.rb:17:in `catch'
web-console (4.0.4) lib/web_console/middleware.rb:17:in `call'
actionpack (6.0.3.2) lib/action_dispatch/middleware/show_exceptions.rb:33:in `call'
railties (6.0.3.2) lib/rails/rack/logger.rb:37:in `call_app'
railties (6.0.3.2) lib/rails/rack/logger.rb:26:in `block in call'
activesupport (6.0.3.2) lib/active_support/tagged_logging.rb:80:in `block in tagged'
activesupport (6.0.3.2) lib/active_support/tagged_logging.rb:28:in `tagged'
activesupport (6.0.3.2) lib/active_support/tagged_logging.rb:80:in `tagged'
railties (6.0.3.2) lib/rails/rack/logger.rb:26:in `call'
sprockets-rails (3.2.1) lib/sprockets/rails/quiet_assets.rb:13:in `call'
actionpack (6.0.3.2) lib/action_dispatch/middleware/remote_ip.rb:81:in `call'
actionpack (6.0.3.2) lib/action_dispatch/middleware/request_id.rb:27:in `call'
rack (2.2.3) lib/rack/method_override.rb:24:in `call'
rack (2.2.3) lib/rack/runtime.rb:22:in `call'
activesupport (6.0.3.2) lib/active_support/cache/strategy/local_cache_middleware.rb:29:in `call'
actionpack (6.0.3.2) lib/action_dispatch/middleware/executor.rb:14:in `call'
actionpack (6.0.3.2) lib/action_dispatch/middleware/static.rb:126:in `call'
rack (2.2.3) lib/rack/sendfile.rb:110:in `call'
actionpack (6.0.3.2) lib/action_dispatch/middleware/host_authorization.rb:82:in `call'
webpacker (4.2.2) lib/webpacker/dev_server_proxy.rb:23:in `perform_request'
rack-proxy (0.6.5) lib/rack/proxy.rb:57:in `call'
railties (6.0.3.2) lib/rails/engine.rb:527:in `call'
puma (4.3.5) lib/puma/configuration.rb:228:in `call'
puma (4.3.5) lib/puma/server.rb:713:in `handle_request'
puma (4.3.5) lib/puma/server.rb:472:in `process_client'
puma (4.3.5) lib/puma/server.rb:328:in `block in run'
puma (4.3.5) lib/puma/thread_pool.rb:134:in `block in spawn_thread'
Started GET "/" for ::1 at 2020-08-04 12:42:19 +0530
Processing by CoursesController#index as HTML
  Rendering courses/index.html.erb within layouts/application
  Rendered courses/index.html.erb within layouts/application (Duration: 0.5ms | Allocations: 269)
[Webpacker] Everything's up-to-date. Nothing to do
Completed 200 OK in 13ms (Views: 11.4ms | ActiveRecord: 0.0ms | Allocations: 5753)


Started GET "/img/logo/logo2.png" for ::1 at 2020-08-04 12:42:19 +0530
  
ActionController::RoutingError (No route matches [GET] "/img/logo/logo2.png"):
  
actionpack (6.0.3.2) lib/action_dispatch/middleware/debug_exceptions.rb:36:in `call'
web-console (4.0.4) lib/web_console/middleware.rb:132:in `call_app'
web-console (4.0.4) lib/web_console/middleware.rb:28:in `block in call'
web-console (4.0.4) lib/web_console/middleware.rb:17:in `catch'
web-console (4.0.4) lib/web_console/middleware.rb:17:in `call'
actionpack (6.0.3.2) lib/action_dispatch/middleware/show_exceptions.rb:33:in `call'
railties (6.0.3.2) lib/rails/rack/logger.rb:37:in `call_app'
railties (6.0.3.2) lib/rails/rack/logger.rb:26:in `block in call'
activesupport (6.0.3.2) lib/active_support/tagged_logging.rb:80:in `block in tagged'
activesupport (6.0.3.2) lib/active_support/tagged_logging.rb:28:in `tagged'
activesupport (6.0.3.2) lib/active_support/tagged_logging.rb:80:in `tagged'
railties (6.0.3.2) lib/rails/rack/logger.rb:26:in `call'
sprockets-rails (3.2.1) lib/sprockets/rails/quiet_assets.rb:13:in `call'
actionpack (6.0.3.2) lib/action_dispatch/middleware/remote_ip.rb:81:in `call'
actionpack (6.0.3.2) lib/action_dispatch/middleware/request_id.rb:27:in `call'
rack (2.2.3) lib/rack/method_override.rb:24:in `call'
rack (2.2.3) lib/rack/runtime.rb:22:in `call'
activesupport (6.0.3.2) lib/active_support/cache/strategy/local_cache_middleware.rb:29:in `call'
actionpack (6.0.3.2) lib/action_dispatch/middleware/executor.rb:14:in `call'
actionpack (6.0.3.2) lib/action_dispatch/middleware/static.rb:126:in `call'
rack (2.2.3) lib/rack/sendfile.rb:110:in `call'
actionpack (6.0.3.2) lib/action_dispatch/middleware/host_authorization.rb:82:in `call'
webpacker (4.2.2) lib/webpacker/dev_server_proxy.rb:23:in `perform_request'
rack-proxy (0.6.5) lib/rack/proxy.rb:57:in `call'
railties (6.0.3.2) lib/rails/engine.rb:527:in `call'
puma (4.3.5) lib/puma/configuration.rb:228:in `call'
puma (4.3.5) lib/puma/server.rb:713:in `handle_request'
puma (4.3.5) lib/puma/server.rb:472:in `process_client'
puma (4.3.5) lib/puma/server.rb:328:in `block in run'
puma (4.3.5) lib/puma/thread_pool.rb:134:in `block in spawn_thread'
Started GET "/" for ::1 at 2020-08-04 12:50:26 +0530
  [1m[35m (0.2ms)[0m  [1m[34mSELECT sqlite_version(*)[0m
Processing by CoursesController#index as HTML
  Rendering courses/index.html.erb within layouts/application
  Rendered courses/index.html.erb within layouts/application (Duration: 18.4ms | Allocations: 269)
[Webpacker] Everything's up-to-date. Nothing to do
Completed 200 OK in 530ms (Views: 528.3ms | ActiveRecord: 0.0ms | Allocations: 5759)


Started GET "/img/logo/logo2.png" for ::1 at 2020-08-04 12:50:27 +0530
  
ActionController::RoutingError (No route matches [GET] "/img/logo/logo2.png"):
  
actionpack (6.0.3.2) lib/action_dispatch/middleware/debug_exceptions.rb:36:in `call'
web-console (4.0.4) lib/web_console/middleware.rb:132:in `call_app'
web-console (4.0.4) lib/web_console/middleware.rb:28:in `block in call'
web-console (4.0.4) lib/web_console/middleware.rb:17:in `catch'
web-console (4.0.4) lib/web_console/middleware.rb:17:in `call'
actionpack (6.0.3.2) lib/action_dispatch/middleware/show_exceptions.rb:33:in `call'
railties (6.0.3.2) lib/rails/rack/logger.rb:37:in `call_app'
railties (6.0.3.2) lib/rails/rack/logger.rb:26:in `block in call'
activesupport (6.0.3.2) lib/active_support/tagged_logging.rb:80:in `block in tagged'
activesupport (6.0.3.2) lib/active_support/tagged_logging.rb:28:in `tagged'
activesupport (6.0.3.2) lib/active_support/tagged_logging.rb:80:in `tagged'
railties (6.0.3.2) lib/rails/rack/logger.rb:26:in `call'
sprockets-rails (3.2.1) lib/sprockets/rails/quiet_assets.rb:13:in `call'
actionpack (6.0.3.2) lib/action_dispatch/middleware/remote_ip.rb:81:in `call'
actionpack (6.0.3.2) lib/action_dispatch/middleware/request_id.rb:27:in `call'
rack (2.2.3) lib/rack/method_override.rb:24:in `call'
rack (2.2.3) lib/rack/runtime.rb:22:in `call'
activesupport (6.0.3.2) lib/active_support/cache/strategy/local_cache_middleware.rb:29:in `call'
actionpack (6.0.3.2) lib/action_dispatch/middleware/executor.rb:14:in `call'
actionpack (6.0.3.2) lib/action_dispatch/middleware/static.rb:126:in `call'
rack (2.2.3) lib/rack/sendfile.rb:110:in `call'
actionpack (6.0.3.2) lib/action_dispatch/middleware/host_authorization.rb:82:in `call'
webpacker (4.2.2) lib/webpacker/dev_server_proxy.rb:23:in `perform_request'
rack-proxy (0.6.5) lib/rack/proxy.rb:57:in `call'
railties (6.0.3.2) lib/rails/engine.rb:527:in `call'
puma (4.3.5) lib/puma/configuration.rb:228:in `call'
puma (4.3.5) lib/puma/server.rb:713:in `handle_request'
puma (4.3.5) lib/puma/server.rb:472:in `process_client'
puma (4.3.5) lib/puma/server.rb:328:in `block in run'
puma (4.3.5) lib/puma/thread_pool.rb:134:in `block in spawn_thread'
Started GET "/" for ::1 at 2020-08-04 12:54:38 +0530
Processing by CoursesController#index as HTML
  Rendering courses/index.html.erb within layouts/application
  Rendered courses/index.html.erb within layouts/application (Duration: 0.6ms | Allocations: 269)
[Webpacker] Everything's up-to-date. Nothing to do
Completed 200 OK in 18ms (Views: 16.8ms | ActiveRecord: 0.0ms | Allocations: 5750)


Started GET "/img/logo/logo2.png" for ::1 at 2020-08-04 12:54:38 +0530
  
ActionController::RoutingError (No route matches [GET] "/img/logo/logo2.png"):
  
actionpack (6.0.3.2) lib/action_dispatch/middleware/debug_exceptions.rb:36:in `call'
web-console (4.0.4) lib/web_console/middleware.rb:132:in `call_app'
web-console (4.0.4) lib/web_console/middleware.rb:28:in `block in call'
web-console (4.0.4) lib/web_console/middleware.rb:17:in `catch'
web-console (4.0.4) lib/web_console/middleware.rb:17:in `call'
actionpack (6.0.3.2) lib/action_dispatch/middleware/show_exceptions.rb:33:in `call'
railties (6.0.3.2) lib/rails/rack/logger.rb:37:in `call_app'
railties (6.0.3.2) lib/rails/rack/logger.rb:26:in `block in call'
activesupport (6.0.3.2) lib/active_support/tagged_logging.rb:80:in `block in tagged'
activesupport (6.0.3.2) lib/active_support/tagged_logging.rb:28:in `tagged'
activesupport (6.0.3.2) lib/active_support/tagged_logging.rb:80:in `tagged'
railties (6.0.3.2) lib/rails/rack/logger.rb:26:in `call'
sprockets-rails (3.2.1) lib/sprockets/rails/quiet_assets.rb:13:in `call'
actionpack (6.0.3.2) lib/action_dispatch/middleware/remote_ip.rb:81:in `call'
actionpack (6.0.3.2) lib/action_dispatch/middleware/request_id.rb:27:in `call'
rack (2.2.3) lib/rack/method_override.rb:24:in `call'
rack (2.2.3) lib/rack/runtime.rb:22:in `call'
activesupport (6.0.3.2) lib/active_support/cache/strategy/local_cache_middleware.rb:29:in `call'
actionpack (6.0.3.2) lib/action_dispatch/middleware/executor.rb:14:in `call'
actionpack (6.0.3.2) lib/action_dispatch/middleware/static.rb:126:in `call'
rack (2.2.3) lib/rack/sendfile.rb:110:in `call'
actionpack (6.0.3.2) lib/action_dispatch/middleware/host_authorization.rb:82:in `call'
webpacker (4.2.2) lib/webpacker/dev_server_proxy.rb:23:in `perform_request'
rack-proxy (0.6.5) lib/rack/proxy.rb:57:in `call'
railties (6.0.3.2) lib/rails/engine.rb:527:in `call'
puma (4.3.5) lib/puma/configuration.rb:228:in `call'
puma (4.3.5) lib/puma/server.rb:713:in `handle_request'
puma (4.3.5) lib/puma/server.rb:472:in `process_client'
puma (4.3.5) lib/puma/server.rb:328:in `block in run'
puma (4.3.5) lib/puma/thread_pool.rb:134:in `block in spawn_thread'
Started GET "/" for ::1 at 2020-08-04 12:56:42 +0530
Processing by CoursesController#index as HTML
  Rendering courses/index.html.erb within layouts/application
  Rendered courses/index.html.erb within layouts/application (Duration: 0.4ms | Allocations: 268)
[Webpacker] Everything's up-to-date. Nothing to do
Completed 200 OK in 8ms (Views: 6.8ms | ActiveRecord: 0.0ms | Allocations: 5752)


Started GET "/img/logo/logo2.png" for ::1 at 2020-08-04 12:56:42 +0530
  
ActionController::RoutingError (No route matches [GET] "/img/logo/logo2.png"):
  
actionpack (6.0.3.2) lib/action_dispatch/middleware/debug_exceptions.rb:36:in `call'
web-console (4.0.4) lib/web_console/middleware.rb:132:in `call_app'
web-console (4.0.4) lib/web_console/middleware.rb:28:in `block in call'
web-console (4.0.4) lib/web_console/middleware.rb:17:in `catch'
web-console (4.0.4) lib/web_console/middleware.rb:17:in `call'
actionpack (6.0.3.2) lib/action_dispatch/middleware/show_exceptions.rb:33:in `call'
railties (6.0.3.2) lib/rails/rack/logger.rb:37:in `call_app'
railties (6.0.3.2) lib/rails/rack/logger.rb:26:in `block in call'
activesupport (6.0.3.2) lib/active_support/tagged_logging.rb:80:in `block in tagged'
activesupport (6.0.3.2) lib/active_support/tagged_logging.rb:28:in `tagged'
activesupport (6.0.3.2) lib/active_support/tagged_logging.rb:80:in `tagged'
railties (6.0.3.2) lib/rails/rack/logger.rb:26:in `call'
sprockets-rails (3.2.1) lib/sprockets/rails/quiet_assets.rb:13:in `call'
actionpack (6.0.3.2) lib/action_dispatch/middleware/remote_ip.rb:81:in `call'
actionpack (6.0.3.2) lib/action_dispatch/middleware/request_id.rb:27:in `call'
rack (2.2.3) lib/rack/method_override.rb:24:in `call'
rack (2.2.3) lib/rack/runtime.rb:22:in `call'
activesupport (6.0.3.2) lib/active_support/cache/strategy/local_cache_middleware.rb:29:in `call'
actionpack (6.0.3.2) lib/action_dispatch/middleware/executor.rb:14:in `call'
actionpack (6.0.3.2) lib/action_dispatch/middleware/static.rb:126:in `call'
rack (2.2.3) lib/rack/sendfile.rb:110:in `call'
actionpack (6.0.3.2) lib/action_dispatch/middleware/host_authorization.rb:82:in `call'
webpacker (4.2.2) lib/webpacker/dev_server_proxy.rb:23:in `perform_request'
rack-proxy (0.6.5) lib/rack/proxy.rb:57:in `call'
railties (6.0.3.2) lib/rails/engine.rb:527:in `call'
puma (4.3.5) lib/puma/configuration.rb:228:in `call'
puma (4.3.5) lib/puma/server.rb:713:in `handle_request'
puma (4.3.5) lib/puma/server.rb:472:in `process_client'
puma (4.3.5) lib/puma/server.rb:328:in `block in run'
puma (4.3.5) lib/puma/thread_pool.rb:134:in `block in spawn_thread'
Started GET "/" for ::1 at 2020-08-04 12:56:49 +0530
Processing by CoursesController#index as HTML
  Rendering courses/index.html.erb within layouts/application
  Rendered courses/index.html.erb within layouts/application (Duration: 0.1ms | Allocations: 4)
[Webpacker] Everything's up-to-date. Nothing to do
Completed 200 OK in 7ms (Views: 6.4ms | ActiveRecord: 0.0ms | Allocations: 4526)


Started GET "/img/logo/logo2.png" for ::1 at 2020-08-04 12:56:49 +0530
  
ActionController::RoutingError (No route matches [GET] "/img/logo/logo2.png"):
  
actionpack (6.0.3.2) lib/action_dispatch/middleware/debug_exceptions.rb:36:in `call'
web-console (4.0.4) lib/web_console/middleware.rb:132:in `call_app'
web-console (4.0.4) lib/web_console/middleware.rb:28:in `block in call'
web-console (4.0.4) lib/web_console/middleware.rb:17:in `catch'
web-console (4.0.4) lib/web_console/middleware.rb:17:in `call'
actionpack (6.0.3.2) lib/action_dispatch/middleware/show_exceptions.rb:33:in `call'
railties (6.0.3.2) lib/rails/rack/logger.rb:37:in `call_app'
railties (6.0.3.2) lib/rails/rack/logger.rb:26:in `block in call'
activesupport (6.0.3.2) lib/active_support/tagged_logging.rb:80:in `block in tagged'
activesupport (6.0.3.2) lib/active_support/tagged_logging.rb:28:in `tagged'
activesupport (6.0.3.2) lib/active_support/tagged_logging.rb:80:in `tagged'
railties (6.0.3.2) lib/rails/rack/logger.rb:26:in `call'
sprockets-rails (3.2.1) lib/sprockets/rails/quiet_assets.rb:13:in `call'
actionpack (6.0.3.2) lib/action_dispatch/middleware/remote_ip.rb:81:in `call'
actionpack (6.0.3.2) lib/action_dispatch/middleware/request_id.rb:27:in `call'
rack (2.2.3) lib/rack/method_override.rb:24:in `call'
rack (2.2.3) lib/rack/runtime.rb:22:in `call'
activesupport (6.0.3.2) lib/active_support/cache/strategy/local_cache_middleware.rb:29:in `call'
actionpack (6.0.3.2) lib/action_dispatch/middleware/executor.rb:14:in `call'
actionpack (6.0.3.2) lib/action_dispatch/middleware/static.rb:126:in `call'
rack (2.2.3) lib/rack/sendfile.rb:110:in `call'
actionpack (6.0.3.2) lib/action_dispatch/middleware/host_authorization.rb:82:in `call'
webpacker (4.2.2) lib/webpacker/dev_server_proxy.rb:23:in `perform_request'
rack-proxy (0.6.5) lib/rack/proxy.rb:57:in `call'
railties (6.0.3.2) lib/rails/engine.rb:527:in `call'
puma (4.3.5) lib/puma/configuration.rb:228:in `call'
puma (4.3.5) lib/puma/server.rb:713:in `handle_request'
puma (4.3.5) lib/puma/server.rb:472:in `process_client'
puma (4.3.5) lib/puma/server.rb:328:in `block in run'
puma (4.3.5) lib/puma/thread_pool.rb:134:in `block in spawn_thread'
Started GET "/" for ::1 at 2020-08-04 12:57:26 +0530
Processing by CoursesController#index as HTML
  Rendering courses/index.html.erb within layouts/application
  Rendered courses/index.html.erb within layouts/application (Duration: 0.5ms | Allocations: 266)
[Webpacker] Everything's up-to-date. Nothing to do
Completed 200 OK in 14ms (Views: 11.3ms | ActiveRecord: 0.0ms | Allocations: 5746)


Started GET "/" for ::1 at 2020-08-04 12:58:23 +0530
Processing by CoursesController#index as HTML
  Rendering courses/index.html.erb within layouts/application
  Rendered courses/index.html.erb within layouts/application (Duration: 1.1ms | Allocations: 266)
[Webpacker] Everything's up-to-date. Nothing to do
Completed 200 OK in 133ms (Views: 130.6ms | ActiveRecord: 0.0ms | Allocations: 5744)


Started GET "/" for ::1 at 2020-08-04 13:00:14 +0530
Processing by CoursesController#index as HTML
  Rendering courses/index.html.erb within layouts/application
  Rendered courses/index.html.erb within layouts/application (Duration: 0.7ms | Allocations: 265)
[Webpacker] Everything's up-to-date. Nothing to do
Completed 200 OK in 12ms (Views: 10.8ms | ActiveRecord: 0.0ms | Allocations: 5748)


Started GET "/" for ::1 at 2020-08-04 13:00:16 +0530
Processing by CoursesController#index as HTML
  Rendering courses/index.html.erb within layouts/application
  Rendered courses/index.html.erb within layouts/application (Duration: 0.0ms | Allocations: 4)
[Webpacker] Everything's up-to-date. Nothing to do
Completed 200 OK in 26ms (Views: 25.5ms | ActiveRecord: 0.0ms | Allocations: 4529)


Started GET "/" for ::1 at 2020-08-04 13:00:16 +0530
Processing by CoursesController#index as HTML
  Rendering courses/index.html.erb within layouts/application
  Rendered courses/index.html.erb within layouts/application (Duration: 0.2ms | Allocations: 4)
[Webpacker] Everything's up-to-date. Nothing to do
Completed 200 OK in 15ms (Views: 14.0ms | ActiveRecord: 0.0ms | Allocations: 4528)


Started GET "/" for ::1 at 2020-08-04 13:41:34 +0530
  [1m[35m (0.2ms)[0m  [1m[34mSELECT sqlite_version(*)[0m
Processing by CoursesController#index as HTML
  Rendering courses/index.html.erb within layouts/application
  Rendered courses/index.html.erb within layouts/application (Duration: 17.4ms | Allocations: 270)
[Webpacker] Everything's up-to-date. Nothing to do
Completed 200 OK in 917ms (Views: 829.3ms | ActiveRecord: 0.0ms | Allocations: 5760)


Started GET "/" for ::1 at 2020-08-04 13:41:38 +0530
Processing by CoursesController#index as HTML
  Rendering courses/index.html.erb within layouts/application
  Rendered courses/index.html.erb within layouts/application (Duration: 0.2ms | Allocations: 4)
[Webpacker] Everything's up-to-date. Nothing to do
Completed 200 OK in 11ms (Views: 8.9ms | ActiveRecord: 0.0ms | Allocations: 4530)


Started GET "/" for ::1 at 2020-08-04 13:41:44 +0530
Processing by CoursesController#index as HTML
  Rendering courses/index.html.erb within layouts/application
  Rendered courses/index.html.erb within layouts/application (Duration: 0.1ms | Allocations: 4)
[Webpacker] Everything's up-to-date. Nothing to do
Completed 200 OK in 10ms (Views: 9.0ms | ActiveRecord: 0.0ms | Allocations: 4527)


Started GET "/" for ::1 at 2020-08-04 13:43:58 +0530
Processing by CoursesController#index as HTML
  Rendering courses/index.html.erb within layouts/application
  Rendered courses/index.html.erb within layouts/application (Duration: 0.9ms | Allocations: 265)
[Webpacker] Everything's up-to-date. Nothing to do
Completed 200 OK in 14ms (Views: 12.1ms | ActiveRecord: 0.0ms | Allocations: 5741)


Started GET "/" for ::1 at 2020-08-04 13:45:06 +0530
Processing by CoursesController#index as HTML
  Rendering courses/index.html.erb within layouts/application
  Rendered courses/index.html.erb within layouts/application (Duration: 1.0ms | Allocations: 265)
[Webpacker] Everything's up-to-date. Nothing to do
Completed 200 OK in 11ms (Views: 9.6ms | ActiveRecord: 0.0ms | Allocations: 5745)


Started GET "/" for ::1 at 2020-08-04 13:46:06 +0530
Processing by CoursesController#index as HTML
  Rendering courses/index.html.erb within layouts/application
  Rendered courses/index.html.erb within layouts/application (Duration: 0.4ms | Allocations: 266)
[Webpacker] Everything's up-to-date. Nothing to do
Completed 200 OK in 8ms (Views: 6.5ms | ActiveRecord: 0.0ms | Allocations: 5743)


Started GET "/" for ::1 at 2020-08-04 13:50:18 +0530
Processing by CoursesController#index as HTML
  Rendering courses/index.html.erb within layouts/application
  Rendered courses/index.html.erb within layouts/application (Duration: 0.4ms | Allocations: 271)
[Webpacker] Everything's up-to-date. Nothing to do
Completed 200 OK in 9ms (Views: 7.2ms | ActiveRecord: 0.0ms | Allocations: 5758)


Started GET "/" for ::1 at 2020-08-04 13:51:02 +0530
Processing by CoursesController#index as HTML
  Rendering courses/index.html.erb within layouts/application
  Rendered courses/index.html.erb within layouts/application (Duration: 0.4ms | Allocations: 266)
[Webpacker] Everything's up-to-date. Nothing to do
Completed 200 OK in 8ms (Views: 6.5ms | ActiveRecord: 0.0ms | Allocations: 5742)


Started GET "/" for ::1 at 2020-08-04 13:52:07 +0530
Processing by CoursesController#index as HTML
  Rendering courses/index.html.erb within layouts/application
  Rendered courses/index.html.erb within layouts/application (Duration: 1.0ms | Allocations: 268)
[Webpacker] Everything's up-to-date. Nothing to do
Completed 200 OK in 13ms (Views: 11.2ms | ActiveRecord: 0.0ms | Allocations: 5749)


Started GET "/" for ::1 at 2020-08-04 13:52:53 +0530
Processing by CoursesController#index as HTML
  Rendering courses/index.html.erb within layouts/application
  Rendered courses/index.html.erb within layouts/application (Duration: 0.5ms | Allocations: 268)
[Webpacker] Everything's up-to-date. Nothing to do
Completed 200 OK in 11ms (Views: 9.7ms | ActiveRecord: 0.0ms | Allocations: 5751)


Started GET "/" for ::1 at 2020-08-04 13:52:55 +0530
Processing by CoursesController#index as HTML
  Rendering courses/index.html.erb within layouts/application
  Rendered courses/index.html.erb within layouts/application (Duration: 0.2ms | Allocations: 4)
[Webpacker] Everything's up-to-date. Nothing to do
Completed 200 OK in 8ms (Views: 7.1ms | ActiveRecord: 0.0ms | Allocations: 4524)


Started GET "/" for ::1 at 2020-08-04 13:53:07 +0530
Processing by CoursesController#index as HTML
  Rendering courses/index.html.erb within layouts/application
  Rendered courses/index.html.erb within layouts/application (Duration: 0.7ms | Allocations: 268)
[Webpacker] Everything's up-to-date. Nothing to do
Completed 200 OK in 13ms (Views: 11.4ms | ActiveRecord: 0.0ms | Allocations: 5747)


Started GET "/" for ::1 at 2020-08-04 13:53:08 +0530
Processing by CoursesController#index as HTML
  Rendering courses/index.html.erb within layouts/application
  Rendered courses/index.html.erb within layouts/application (Duration: 0.1ms | Allocations: 4)
[Webpacker] Everything's up-to-date. Nothing to do
Completed 200 OK in 10ms (Views: 9.4ms | ActiveRecord: 0.0ms | Allocations: 4525)


Started GET "/" for ::1 at 2020-08-04 13:53:33 +0530
Processing by CoursesController#index as HTML
  Rendering courses/index.html.erb within layouts/application
  Rendered courses/index.html.erb within layouts/application (Duration: 0.5ms | Allocations: 268)
[Webpacker] Everything's up-to-date. Nothing to do
Completed 200 OK in 11ms (Views: 9.6ms | ActiveRecord: 0.0ms | Allocations: 5747)


